<?xml version="1.0" encoding="UTF-8"?>
<testng-results skipped="0" failed="0" ignored="0" total="1" passed="1">
  <reporter-output>
  </reporter-output>
  <suite name="Default suite" duration-ms="14863" started-at="2019-01-18T12:41:40Z" finished-at="2019-01-18T12:41:54Z">
    <groups>
    </groups>
    <test name="Default test" duration-ms="14863" started-at="2019-01-18T12:41:40Z" finished-at="2019-01-18T12:41:54Z">
      <class name="FirstTest">
        <test-method status="PASS" signature="setupTest()[pri:0, instance:FirstTest@4501b7af]" name="setupTest" is-config="true" duration-ms="12500" started-at="2019-01-18T12:41:40Z" finished-at="2019-01-18T12:41:52Z">
          <reporter-output>
          </reporter-output>
        </test-method> <!-- setupTest -->
        <test-method status="PASS" signature="firstTest()[pri:0, instance:FirstTest@4501b7af]" name="firstTest" duration-ms="1540" started-at="2019-01-18T12:41:52Z" finished-at="2019-01-18T12:41:54Z">
          <reporter-output>
          </reporter-output>
        </test-method> <!-- firstTest -->
        <test-method status="PASS" signature="teardownTest()[pri:0, instance:FirstTest@4501b7af]" name="teardownTest" is-config="true" duration-ms="804" started-at="2019-01-18T12:41:54Z" finished-at="2019-01-18T12:41:54Z">
          <reporter-output>
          </reporter-output>
        </test-method> <!-- teardownTest -->
      </class> <!-- FirstTest -->
    </test> <!-- Default test -->
  </suite> <!-- Default suite -->
</testng-results>
